<?xml version="1.0" encoding="UTF-8"?>
<!-- Generated by org.testng.reporters.JUnitXMLReporter -->
<testsuite ignored="1" hostname="DESKTOP-30K6CA2" failures="0" tests="1" name="Default test" time="44.133" errors="0" timestamp="2022-07-15T22:13:23 PDT">
  <testcase classname="com.bridgelabz.FbSignUpLogin" name="fbLogin" time="44.045"/>
  <testcase classname="com.bridgelabz.FbSignUpLogin" name="fbSignup" time="0.0">
    <ignored/>
  </testcase> <!-- fbSignup -->
</testsuite> <!-- Default test -->
