<?xml version="1.0" encoding="UTF-8"?>
<testng-results ignored="1" total="2" passed="1" failed="0" skipped="0">
  <reporter-output>
  </reporter-output>
  <suite started-at="2022-07-15T22:12:39 PDT" name="Default suite" finished-at="2022-07-15T22:13:23 PDT" duration-ms="44133">
    <groups>
    </groups>
    <test started-at="2022-07-15T22:12:39 PDT" name="Default test" finished-at="2022-07-15T22:13:23 PDT" duration-ms="44133">
      <class name="com.bridgelabz.FbSignUpLogin">
        <test-method signature="fbLogin()[pri:0, instance:com.bridgelabz.FbSignUpLogin@383bfa16]" started-at="2022-07-15T22:12:39 PDT" name="fbLogin" finished-at="2022-07-15T22:13:23 PDT" duration-ms="44045" status="PASS">
          <reporter-output>
          </reporter-output>
        </test-method> <!-- fbLogin -->
      </class> <!-- com.bridgelabz.FbSignUpLogin -->
    </test> <!-- Default test -->
  </suite> <!-- Default suite -->
</testng-results>
